Info: Starting: Create block symbol file (.bsf)
Info: qsys-generate C:\intelFPGA_lite\18.1\University_Program\Computer_Systems\DE10-Lite\CE2820_MS9\verilog\Computer_System.qsys --block-symbol-file --output-directory=C:\intelFPGA_lite\18.1\University_Program\Computer_Systems\DE10-Lite\CE2820_MS9\verilog\Computer_System --family="MAX 10" --part=10M50DAF484C7G
Progress: Loading verilog/Computer_System.qsys
Progress: Reading input file
Progress: Adding HEX3_HEX0 [altera_avalon_pio 18.1]
Progress: Parameterizing module HEX3_HEX0
Progress: Adding HEX5_HEX4 [altera_avalon_pio 18.1]
Progress: Parameterizing module HEX5_HEX4
Progress: Adding Interval_Timer [altera_avalon_timer 18.1]
Progress: Parameterizing module Interval_Timer
Progress: Adding Interval_Timer_2 [altera_avalon_timer 18.1]
Progress: Parameterizing module Interval_Timer_2
Progress: Adding JTAG_UART [altera_avalon_jtag_uart 18.1]
Progress: Parameterizing module JTAG_UART
Progress: Adding JTAG_to_FPGA_Bridge [altera_jtag_avalon_master 18.1]
Progress: Parameterizing module JTAG_to_FPGA_Bridge
Progress: Adding LEDs [altera_avalon_pio 18.1]
Progress: Parameterizing module LEDs
Progress: Adding Nios2 [altera_nios2_gen2 18.1]
Progress: Parameterizing module Nios2
Progress: Adding Nios2_Floating_Point [altera_nios_custom_instr_floating_point 18.1]
Progress: Parameterizing module Nios2_Floating_Point
Progress: Adding PWMX [PWM 1.0]
Progress: Parameterizing module PWMX
Progress: Adding PWMY [PWM 1.0]
Progress: Parameterizing module PWMY
Progress: Adding Pushbuttons [altera_avalon_pio 18.1]
Progress: Parameterizing module Pushbuttons
Progress: Adding SDRAM [altera_avalon_new_sdram_controller 18.1]
Progress: Parameterizing module SDRAM
Progress: Adding Slider_Switches [altera_avalon_pio 18.1]
Progress: Parameterizing module Slider_Switches
Progress: Adding System_PLL [altera_up_avalon_sys_sdram_pll 18.0]
Progress: Parameterizing module System_PLL
Progress: Adding adc_pll [altpll 18.1]
Progress: Parameterizing module adc_pll
Progress: Adding gyro_i2c [altera_avalon_i2c 18.1]
Progress: Parameterizing module gyro_i2c
Progress: Adding joyirq [altera_avalon_pio 18.1]
Progress: Parameterizing module joyirq
Progress: Adding modular_adc_0 [altera_modular_adc 18.1]
Progress: Parameterizing module modular_adc_0
Progress: Adding penirq [altera_avalon_pio 18.1]
Progress: Parameterizing module penirq
Progress: Adding touch_spi [altera_avalon_spi 18.1]
Progress: Parameterizing module touch_spi
Progress: Adding video_lt24_controller_0 [altera_up_avalon_video_lt24_controller 18.0]
Progress: Parameterizing module video_lt24_controller_0
Progress: Adding video_pixel_buffer_dma_0 [altera_up_avalon_video_pixel_buffer_dma 18.0]
Progress: Parameterizing module video_pixel_buffer_dma_0
Progress: Adding video_pll_0 [altera_up_avalon_video_pll 18.0]
Progress: Parameterizing module video_pll_0
Progress: Building connections
Progress: Parameterizing connections
Progress: Validating
Progress: Done reading input file
Info: Computer_System.JTAG_UART: JTAG UART IP input clock need to be at least double (2x) the operating frequency of JTAG TCK on board
Info: Computer_System.SDRAM: SDRAM Controller will only be supported in Quartus Prime Standard Edition in the future release.
Info: Computer_System.System_PLL: Refclk Freq: 50.0
Info: Computer_System.joyirq: PIO inputs are not hardwired in test bench. Undefined values will be read from PIO inputs during simulation.
Info: Computer_System.penirq: PIO inputs are not hardwired in test bench. Undefined values will be read from PIO inputs during simulation.
Warning: Computer_System.gyro_i2c: Interrupt sender gyro_i2c.interrupt_sender is not connected to an interrupt receiver
Warning: Computer_System.modular_adc_0: Interrupt sender modular_adc_0.sample_store_irq is not connected to an interrupt receiver
Warning: Computer_System.touch_spi: Interrupt sender touch_spi.irq is not connected to an interrupt receiver
Info: qsys-generate succeeded.
Info: Finished: Create block symbol file (.bsf)
Info: 
Info: Starting: Create HDL design files for synthesis
Info: qsys-generate C:\intelFPGA_lite\18.1\University_Program\Computer_Systems\DE10-Lite\CE2820_MS9\verilog\Computer_System.qsys --synthesis=VHDL --output-directory=C:\intelFPGA_lite\18.1\University_Program\Computer_Systems\DE10-Lite\CE2820_MS9\verilog\Computer_System\synthesis --family="MAX 10" --part=10M50DAF484C7G
Progress: Loading verilog/Computer_System.qsys
Progress: Reading input file
Progress: Adding HEX3_HEX0 [altera_avalon_pio 18.1]
Progress: Parameterizing module HEX3_HEX0
Progress: Adding HEX5_HEX4 [altera_avalon_pio 18.1]
Progress: Parameterizing module HEX5_HEX4
Progress: Adding Interval_Timer [altera_avalon_timer 18.1]
Progress: Parameterizing module Interval_Timer
Progress: Adding Interval_Timer_2 [altera_avalon_timer 18.1]
Progress: Parameterizing module Interval_Timer_2
Progress: Adding JTAG_UART [altera_avalon_jtag_uart 18.1]
Progress: Parameterizing module JTAG_UART
Progress: Adding JTAG_to_FPGA_Bridge [altera_jtag_avalon_master 18.1]
Progress: Parameterizing module JTAG_to_FPGA_Bridge
Progress: Adding LEDs [altera_avalon_pio 18.1]
Progress: Parameterizing module LEDs
Progress: Adding Nios2 [altera_nios2_gen2 18.1]
Progress: Parameterizing module Nios2
Progress: Adding Nios2_Floating_Point [altera_nios_custom_instr_floating_point 18.1]
Progress: Parameterizing module Nios2_Floating_Point
Progress: Adding PWMX [PWM 1.0]
Progress: Parameterizing module PWMX
Progress: Adding PWMY [PWM 1.0]
Progress: Parameterizing module PWMY
Progress: Adding Pushbuttons [altera_avalon_pio 18.1]
Progress: Parameterizing module Pushbuttons
Progress: Adding SDRAM [altera_avalon_new_sdram_controller 18.1]
Progress: Parameterizing module SDRAM
Progress: Adding Slider_Switches [altera_avalon_pio 18.1]
Progress: Parameterizing module Slider_Switches
Progress: Adding System_PLL [altera_up_avalon_sys_sdram_pll 18.0]
Progress: Parameterizing module System_PLL
Progress: Adding adc_pll [altpll 18.1]
Progress: Parameterizing module adc_pll
Progress: Adding gyro_i2c [altera_avalon_i2c 18.1]
Progress: Parameterizing module gyro_i2c
Progress: Adding joyirq [altera_avalon_pio 18.1]
Progress: Parameterizing module joyirq
Progress: Adding modular_adc_0 [altera_modular_adc 18.1]
Progress: Parameterizing module modular_adc_0
Progress: Adding penirq [altera_avalon_pio 18.1]
Progress: Parameterizing module penirq
Progress: Adding touch_spi [altera_avalon_spi 18.1]
Progress: Parameterizing module touch_spi
Progress: Adding video_lt24_controller_0 [altera_up_avalon_video_lt24_controller 18.0]
Progress: Parameterizing module video_lt24_controller_0
Progress: Adding video_pixel_buffer_dma_0 [altera_up_avalon_video_pixel_buffer_dma 18.0]
Progress: Parameterizing module video_pixel_buffer_dma_0
Progress: Adding video_pll_0 [altera_up_avalon_video_pll 18.0]
Progress: Parameterizing module video_pll_0
Progress: Building connections
Progress: Parameterizing connections
Progress: Validating
Progress: Done reading input file
Info: Computer_System.JTAG_UART: JTAG UART IP input clock need to be at least double (2x) the operating frequency of JTAG TCK on board
Info: Computer_System.SDRAM: SDRAM Controller will only be supported in Quartus Prime Standard Edition in the future release.
Info: Computer_System.System_PLL: Refclk Freq: 50.0
Info: Computer_System.joyirq: PIO inputs are not hardwired in test bench. Undefined values will be read from PIO inputs during simulation.
Info: Computer_System.penirq: PIO inputs are not hardwired in test bench. Undefined values will be read from PIO inputs during simulation.
Warning: Computer_System.gyro_i2c: Interrupt sender gyro_i2c.interrupt_sender is not connected to an interrupt receiver
Warning: Computer_System.modular_adc_0: Interrupt sender modular_adc_0.sample_store_irq is not connected to an interrupt receiver
Warning: Computer_System.touch_spi: Interrupt sender touch_spi.irq is not connected to an interrupt receiver
Info: Computer_System: Generating Computer_System "Computer_System" for QUARTUS_SYNTH
Info: Inserting clock-crossing logic between cmd_demux.src0 and cmd_mux.sink0
Info: Inserting clock-crossing logic between cmd_demux_001.src1 and cmd_mux_001.sink0
Info: Inserting clock-crossing logic between cmd_demux_003.src1 and cmd_mux_001.sink1
Info: Inserting clock-crossing logic between rsp_demux.src0 and rsp_mux.sink0
Info: Inserting clock-crossing logic between rsp_demux_001.src0 and rsp_mux_001.sink1
Info: Inserting clock-crossing logic between rsp_demux_001.src1 and rsp_mux_003.sink1
Warning: Computer_System: "No matching role found for Nios2_custom_instruction_master_multi_xconnect:ci_slave:ci_slave_ipending (ipending)"
Warning: Computer_System: "No matching role found for Nios2_custom_instruction_master_multi_xconnect:ci_slave:ci_slave_estatus (estatus)"
Info: HEX3_HEX0: Starting RTL generation for module 'Computer_System_HEX3_HEX0'
Info: HEX3_HEX0:   Generation command is [exec C:/intelfpga_lite/18.1/quartus/bin64/perl/bin/perl.exe -I C:/intelfpga_lite/18.1/quartus/bin64/perl/lib -I C:/intelfpga_lite/18.1/quartus/sopc_builder/bin/europa -I C:/intelfpga_lite/18.1/quartus/sopc_builder/bin/perl_lib -I C:/intelfpga_lite/18.1/quartus/sopc_builder/bin -I C:/intelfpga_lite/18.1/quartus/../ip/altera/sopc_builder_ip/common -I C:/intelfpga_lite/18.1/quartus/../ip/altera/sopc_builder_ip/altera_avalon_pio -- C:/intelfpga_lite/18.1/quartus/../ip/altera/sopc_builder_ip/altera_avalon_pio/generate_rtl.pl --name=Computer_System_HEX3_HEX0 --dir=C:/Users/enhoh/AppData/Local/Temp/alt9117_469760943790653084.dir/0002_HEX3_HEX0_gen/ --quartus_dir=C:/intelfpga_lite/18.1/quartus --verilog --config=C:/Users/enhoh/AppData/Local/Temp/alt9117_469760943790653084.dir/0002_HEX3_HEX0_gen//Computer_System_HEX3_HEX0_component_configuration.pl  --do_build_sim=0  ]
Info: HEX3_HEX0: Done RTL generation for module 'Computer_System_HEX3_HEX0'
Info: HEX3_HEX0: "Computer_System" instantiated altera_avalon_pio "HEX3_HEX0"
Info: HEX5_HEX4: Starting RTL generation for module 'Computer_System_HEX5_HEX4'
Info: HEX5_HEX4:   Generation command is [exec C:/intelfpga_lite/18.1/quartus/bin64/perl/bin/perl.exe -I C:/intelfpga_lite/18.1/quartus/bin64/perl/lib -I C:/intelfpga_lite/18.1/quartus/sopc_builder/bin/europa -I C:/intelfpga_lite/18.1/quartus/sopc_builder/bin/perl_lib -I C:/intelfpga_lite/18.1/quartus/sopc_builder/bin -I C:/intelfpga_lite/18.1/quartus/../ip/altera/sopc_builder_ip/common -I C:/intelfpga_lite/18.1/quartus/../ip/altera/sopc_builder_ip/altera_avalon_pio -- C:/intelfpga_lite/18.1/quartus/../ip/altera/sopc_builder_ip/altera_avalon_pio/generate_rtl.pl --name=Computer_System_HEX5_HEX4 --dir=C:/Users/enhoh/AppData/Local/Temp/alt9117_469760943790653084.dir/0003_HEX5_HEX4_gen/ --quartus_dir=C:/intelfpga_lite/18.1/quartus --verilog --config=C:/Users/enhoh/AppData/Local/Temp/alt9117_469760943790653084.dir/0003_HEX5_HEX4_gen//Computer_System_HEX5_HEX4_component_configuration.pl  --do_build_sim=0  ]
Info: HEX5_HEX4: Done RTL generation for module 'Computer_System_HEX5_HEX4'
Info: HEX5_HEX4: "Computer_System" instantiated altera_avalon_pio "HEX5_HEX4"
Info: Interval_Timer: Starting RTL generation for module 'Computer_System_Interval_Timer'
Info: Interval_Timer:   Generation command is [exec C:/intelFPGA_lite/18.1/quartus/bin64//perl/bin/perl.exe -I C:/intelFPGA_lite/18.1/quartus/bin64//perl/lib -I C:/intelfpga_lite/18.1/quartus/sopc_builder/bin/europa -I C:/intelfpga_lite/18.1/quartus/sopc_builder/bin/perl_lib -I C:/intelfpga_lite/18.1/quartus/sopc_builder/bin -I C:/intelfpga_lite/18.1/quartus/../ip/altera/sopc_builder_ip/common -I C:/intelfpga_lite/18.1/quartus/../ip/altera/sopc_builder_ip/altera_avalon_timer -- C:/intelfpga_lite/18.1/quartus/../ip/altera/sopc_builder_ip/altera_avalon_timer/generate_rtl.pl --name=Computer_System_Interval_Timer --dir=C:/Users/enhoh/AppData/Local/Temp/alt9117_469760943790653084.dir/0004_Interval_Timer_gen/ --quartus_dir=C:/intelfpga_lite/18.1/quartus --verilog --config=C:/Users/enhoh/AppData/Local/Temp/alt9117_469760943790653084.dir/0004_Interval_Timer_gen//Computer_System_Interval_Timer_component_configuration.pl  --do_build_sim=0  ]
Info: Interval_Timer: Done RTL generation for module 'Computer_System_Interval_Timer'
Info: Interval_Timer: "Computer_System" instantiated altera_avalon_timer "Interval_Timer"
Info: JTAG_UART: Starting RTL generation for module 'Computer_System_JTAG_UART'
Info: JTAG_UART:   Generation command is [exec C:/intelfpga_lite/18.1/quartus/bin64/perl/bin/perl.exe -I C:/intelfpga_lite/18.1/quartus/bin64/perl/lib -I C:/intelfpga_lite/18.1/quartus/sopc_builder/bin/europa -I C:/intelfpga_lite/18.1/quartus/sopc_builder/bin/perl_lib -I C:/intelfpga_lite/18.1/quartus/sopc_builder/bin -I C:/intelfpga_lite/18.1/quartus/../ip/altera/sopc_builder_ip/common -I C:/intelfpga_lite/18.1/quartus/../ip/altera/sopc_builder_ip/altera_avalon_jtag_uart -- C:/intelfpga_lite/18.1/quartus/../ip/altera/sopc_builder_ip/altera_avalon_jtag_uart/generate_rtl.pl --name=Computer_System_JTAG_UART --dir=C:/Users/enhoh/AppData/Local/Temp/alt9117_469760943790653084.dir/0005_JTAG_UART_gen/ --quartus_dir=C:/intelfpga_lite/18.1/quartus --verilog --config=C:/Users/enhoh/AppData/Local/Temp/alt9117_469760943790653084.dir/0005_JTAG_UART_gen//Computer_System_JTAG_UART_component_configuration.pl  --do_build_sim=0  ]
Info: JTAG_UART: Done RTL generation for module 'Computer_System_JTAG_UART'
Info: JTAG_UART: "Computer_System" instantiated altera_avalon_jtag_uart "JTAG_UART"
Info: JTAG_to_FPGA_Bridge: "Computer_System" instantiated altera_jtag_avalon_master "JTAG_to_FPGA_Bridge"
Info: LEDs: Starting RTL generation for module 'Computer_System_LEDs'
Info: LEDs:   Generation command is [exec C:/intelfpga_lite/18.1/quartus/bin64/perl/bin/perl.exe -I C:/intelfpga_lite/18.1/quartus/bin64/perl/lib -I C:/intelfpga_lite/18.1/quartus/sopc_builder/bin/europa -I C:/intelfpga_lite/18.1/quartus/sopc_builder/bin/perl_lib -I C:/intelfpga_lite/18.1/quartus/sopc_builder/bin -I C:/intelfpga_lite/18.1/quartus/../ip/altera/sopc_builder_ip/common -I C:/intelfpga_lite/18.1/quartus/../ip/altera/sopc_builder_ip/altera_avalon_pio -- C:/intelfpga_lite/18.1/quartus/../ip/altera/sopc_builder_ip/altera_avalon_pio/generate_rtl.pl --name=Computer_System_LEDs --dir=C:/Users/enhoh/AppData/Local/Temp/alt9117_469760943790653084.dir/0006_LEDs_gen/ --quartus_dir=C:/intelfpga_lite/18.1/quartus --verilog --config=C:/Users/enhoh/AppData/Local/Temp/alt9117_469760943790653084.dir/0006_LEDs_gen//Computer_System_LEDs_component_configuration.pl  --do_build_sim=0  ]
Info: LEDs: Done RTL generation for module 'Computer_System_LEDs'
Info: LEDs: "Computer_System" instantiated altera_avalon_pio "LEDs"
Info: Nios2: "Computer_System" instantiated altera_nios2_gen2 "Nios2"
Info: Nios2_Floating_Point: "Computer_System" instantiated altera_nios_custom_instr_floating_point "Nios2_Floating_Point"
Info: PWMX: "Computer_System" instantiated PWM "PWMX"
Info: Pushbuttons: Starting RTL generation for module 'Computer_System_Pushbuttons'
Info: Pushbuttons:   Generation command is [exec C:/intelfpga_lite/18.1/quartus/bin64/perl/bin/perl.exe -I C:/intelfpga_lite/18.1/quartus/bin64/perl/lib -I C:/intelfpga_lite/18.1/quartus/sopc_builder/bin/europa -I C:/intelfpga_lite/18.1/quartus/sopc_builder/bin/perl_lib -I C:/intelfpga_lite/18.1/quartus/sopc_builder/bin -I C:/intelfpga_lite/18.1/quartus/../ip/altera/sopc_builder_ip/common -I C:/intelfpga_lite/18.1/quartus/../ip/altera/sopc_builder_ip/altera_avalon_pio -- C:/intelfpga_lite/18.1/quartus/../ip/altera/sopc_builder_ip/altera_avalon_pio/generate_rtl.pl --name=Computer_System_Pushbuttons --dir=C:/Users/enhoh/AppData/Local/Temp/alt9117_469760943790653084.dir/0008_Pushbuttons_gen/ --quartus_dir=C:/intelfpga_lite/18.1/quartus --verilog --config=C:/Users/enhoh/AppData/Local/Temp/alt9117_469760943790653084.dir/0008_Pushbuttons_gen//Computer_System_Pushbuttons_component_configuration.pl  --do_build_sim=0  ]
Info: Pushbuttons: Done RTL generation for module 'Computer_System_Pushbuttons'
Info: Pushbuttons: "Computer_System" instantiated altera_avalon_pio "Pushbuttons"
Info: SDRAM: Starting RTL generation for module 'Computer_System_SDRAM'
Info: SDRAM:   Generation command is [exec C:/intelfpga_lite/18.1/quartus/bin64/perl/bin/perl.exe -I C:/intelfpga_lite/18.1/quartus/bin64/perl/lib -I C:/intelfpga_lite/18.1/quartus/sopc_builder/bin/europa -I C:/intelfpga_lite/18.1/quartus/sopc_builder/bin/perl_lib -I C:/intelfpga_lite/18.1/quartus/sopc_builder/bin -I C:/intelfpga_lite/18.1/quartus/../ip/altera/sopc_builder_ip/common -I C:/intelfpga_lite/18.1/quartus/../ip/altera/sopc_builder_ip/altera_avalon_new_sdram_controller -- C:/intelfpga_lite/18.1/quartus/../ip/altera/sopc_builder_ip/altera_avalon_new_sdram_controller/generate_rtl.pl --name=Computer_System_SDRAM --dir=C:/Users/enhoh/AppData/Local/Temp/alt9117_469760943790653084.dir/0009_SDRAM_gen/ --quartus_dir=C:/intelfpga_lite/18.1/quartus --verilog --config=C:/Users/enhoh/AppData/Local/Temp/alt9117_469760943790653084.dir/0009_SDRAM_gen//Computer_System_SDRAM_component_configuration.pl  --do_build_sim=0  ]
Info: SDRAM: Done RTL generation for module 'Computer_System_SDRAM'
Info: SDRAM: "Computer_System" instantiated altera_avalon_new_sdram_controller "SDRAM"
Info: Slider_Switches: Starting RTL generation for module 'Computer_System_Slider_Switches'
Info: Slider_Switches:   Generation command is [exec C:/intelfpga_lite/18.1/quartus/bin64/perl/bin/perl.exe -I C:/intelfpga_lite/18.1/quartus/bin64/perl/lib -I C:/intelfpga_lite/18.1/quartus/sopc_builder/bin/europa -I C:/intelfpga_lite/18.1/quartus/sopc_builder/bin/perl_lib -I C:/intelfpga_lite/18.1/quartus/sopc_builder/bin -I C:/intelfpga_lite/18.1/quartus/../ip/altera/sopc_builder_ip/common -I C:/intelfpga_lite/18.1/quartus/../ip/altera/sopc_builder_ip/altera_avalon_pio -- C:/intelfpga_lite/18.1/quartus/../ip/altera/sopc_builder_ip/altera_avalon_pio/generate_rtl.pl --name=Computer_System_Slider_Switches --dir=C:/Users/enhoh/AppData/Local/Temp/alt9117_469760943790653084.dir/0010_Slider_Switches_gen/ --quartus_dir=C:/intelfpga_lite/18.1/quartus --verilog --config=C:/Users/enhoh/AppData/Local/Temp/alt9117_469760943790653084.dir/0010_Slider_Switches_gen//Computer_System_Slider_Switches_component_configuration.pl  --do_build_sim=0  ]
Info: Slider_Switches: Done RTL generation for module 'Computer_System_Slider_Switches'
Info: Slider_Switches: "Computer_System" instantiated altera_avalon_pio "Slider_Switches"
Info: System_PLL: "Computer_System" instantiated altera_up_avalon_sys_sdram_pll "System_PLL"
Info: adc_pll: "Computer_System" instantiated altpll "adc_pll"
Info: gyro_i2c: "Computer_System" instantiated altera_avalon_i2c "gyro_i2c"
Info: joyirq: Starting RTL generation for module 'Computer_System_joyirq'
Info: joyirq:   Generation command is [exec C:/intelfpga_lite/18.1/quartus/bin64/perl/bin/perl.exe -I C:/intelfpga_lite/18.1/quartus/bin64/perl/lib -I C:/intelfpga_lite/18.1/quartus/sopc_builder/bin/europa -I C:/intelfpga_lite/18.1/quartus/sopc_builder/bin/perl_lib -I C:/intelfpga_lite/18.1/quartus/sopc_builder/bin -I C:/intelfpga_lite/18.1/quartus/../ip/altera/sopc_builder_ip/common -I C:/intelfpga_lite/18.1/quartus/../ip/altera/sopc_builder_ip/altera_avalon_pio -- C:/intelfpga_lite/18.1/quartus/../ip/altera/sopc_builder_ip/altera_avalon_pio/generate_rtl.pl --name=Computer_System_joyirq --dir=C:/Users/enhoh/AppData/Local/Temp/alt9117_469760943790653084.dir/0014_joyirq_gen/ --quartus_dir=C:/intelfpga_lite/18.1/quartus --verilog --config=C:/Users/enhoh/AppData/Local/Temp/alt9117_469760943790653084.dir/0014_joyirq_gen//Computer_System_joyirq_component_configuration.pl  --do_build_sim=0  ]
Info: joyirq: Done RTL generation for module 'Computer_System_joyirq'
Info: joyirq: "Computer_System" instantiated altera_avalon_pio "joyirq"
Info: modular_adc_0: "Computer_System" instantiated altera_modular_adc "modular_adc_0"
Info: touch_spi: Starting RTL generation for module 'Computer_System_touch_spi'
Info: touch_spi:   Generation command is [exec C:/intelfpga_lite/18.1/quartus/bin64/perl/bin/perl.exe -I C:/intelfpga_lite/18.1/quartus/bin64/perl/lib -I C:/intelfpga_lite/18.1/quartus/sopc_builder/bin/europa -I C:/intelfpga_lite/18.1/quartus/sopc_builder/bin/perl_lib -I C:/intelfpga_lite/18.1/quartus/sopc_builder/bin -I C:/intelfpga_lite/18.1/quartus/../ip/altera/sopc_builder_ip/common -I C:/intelfpga_lite/18.1/quartus/../ip/altera/sopc_builder_ip/altera_avalon_spi -- C:/intelfpga_lite/18.1/quartus/../ip/altera/sopc_builder_ip/altera_avalon_spi/generate_rtl.pl --name=Computer_System_touch_spi --dir=C:/Users/enhoh/AppData/Local/Temp/alt9117_469760943790653084.dir/0015_touch_spi_gen/ --quartus_dir=C:/intelfpga_lite/18.1/quartus --verilog --config=C:/Users/enhoh/AppData/Local/Temp/alt9117_469760943790653084.dir/0015_touch_spi_gen//Computer_System_touch_spi_component_configuration.pl  --do_build_sim=0  ]
Info: touch_spi: Done RTL generation for module 'Computer_System_touch_spi'
Info: touch_spi: "Computer_System" instantiated altera_avalon_spi "touch_spi"
Info: video_lt24_controller_0: Starting Generation of LT24 Controller
Info: video_lt24_controller_0: "Computer_System" instantiated altera_up_avalon_video_lt24_controller "video_lt24_controller_0"
Info: video_pixel_buffer_dma_0: Starting Generation of VGA Pixel Buffer
Info: video_pixel_buffer_dma_0: "Computer_System" instantiated altera_up_avalon_video_pixel_buffer_dma "video_pixel_buffer_dma_0"
Info: video_pll_0: "Computer_System" instantiated altera_up_avalon_video_pll "video_pll_0"
Info: Nios2_custom_instruction_master_translator: "Computer_System" instantiated altera_customins_master_translator "Nios2_custom_instruction_master_translator"
Info: Nios2_custom_instruction_master_multi_xconnect: "Computer_System" instantiated altera_customins_xconnect "Nios2_custom_instruction_master_multi_xconnect"
Info: Nios2_custom_instruction_master_multi_slave_translator0: "Computer_System" instantiated altera_customins_slave_translator "Nios2_custom_instruction_master_multi_slave_translator0"
Info: avalon_st_adapter: Inserting error_adapter: error_adapter_0
Info: avalon_st_adapter_001: Inserting error_adapter: error_adapter_0
Info: avalon_st_adapter_002: Inserting error_adapter: error_adapter_0
Info: avalon_st_adapter_003: Inserting error_adapter: error_adapter_0
Info: avalon_st_adapter_004: Inserting error_adapter: error_adapter_0
Info: avalon_st_adapter_005: Inserting error_adapter: error_adapter_0
Info: avalon_st_adapter_006: Inserting error_adapter: error_adapter_0
Info: avalon_st_adapter_007: Inserting error_adapter: error_adapter_0
Info: avalon_st_adapter_008: Inserting error_adapter: error_adapter_0
Info: avalon_st_adapter_009: Inserting error_adapter: error_adapter_0
Info: avalon_st_adapter_010: Inserting error_adapter: error_adapter_0
Info: avalon_st_adapter_011: Inserting error_adapter: error_adapter_0
Info: avalon_st_adapter_012: Inserting error_adapter: error_adapter_0
Info: avalon_st_adapter_013: Inserting error_adapter: error_adapter_0
Info: avalon_st_adapter_014: Inserting error_adapter: error_adapter_0
Info: avalon_st_adapter_015: Inserting error_adapter: error_adapter_0
Info: avalon_st_adapter_016: Inserting error_adapter: error_adapter_0
Info: avalon_st_adapter_017: Inserting error_adapter: error_adapter_0
Info: avalon_st_adapter_018: Inserting error_adapter: error_adapter_0
Info: avalon_st_adapter_019: Inserting error_adapter: error_adapter_0
Info: mm_interconnect_0: "Computer_System" instantiated altera_mm_interconnect "mm_interconnect_0"
Info: irq_mapper: "Computer_System" instantiated altera_irq_mapper "irq_mapper"
Info: rst_controller: "Computer_System" instantiated altera_reset_controller "rst_controller"
Info: jtag_phy_embedded_in_jtag_master: "JTAG_to_FPGA_Bridge" instantiated altera_jtag_dc_streaming "jtag_phy_embedded_in_jtag_master"
Info: timing_adt: "JTAG_to_FPGA_Bridge" instantiated timing_adapter "timing_adt"
Info: fifo: "JTAG_to_FPGA_Bridge" instantiated altera_avalon_sc_fifo "fifo"
Info: b2p: "JTAG_to_FPGA_Bridge" instantiated altera_avalon_st_bytes_to_packets "b2p"
Info: p2b: "JTAG_to_FPGA_Bridge" instantiated altera_avalon_st_packets_to_bytes "p2b"
Info: transacto: "JTAG_to_FPGA_Bridge" instantiated altera_avalon_packets_to_master "transacto"
Info: b2p_adapter: "JTAG_to_FPGA_Bridge" instantiated channel_adapter "b2p_adapter"
Info: p2b_adapter: "JTAG_to_FPGA_Bridge" instantiated channel_adapter "p2b_adapter"
Info: cpu: Starting RTL generation for module 'Computer_System_Nios2_cpu'
Info: cpu:   Generation command is [exec C:/intelFPGA_lite/18.1/quartus/bin64//eperlcmd.exe -I C:/intelFPGA_lite/18.1/quartus/bin64//perl/lib -I C:/intelfpga_lite/18.1/quartus/sopc_builder/bin/europa -I C:/intelfpga_lite/18.1/quartus/sopc_builder/bin/perl_lib -I C:/intelfpga_lite/18.1/quartus/sopc_builder/bin -I C:/intelfpga_lite/18.1/quartus/../ip/altera/nios2_ip/altera_nios2_gen2/cpu_lib -I C:/intelfpga_lite/18.1/quartus/../ip/altera/nios2_ip/altera_nios2_gen2/nios_lib -I C:/intelfpga_lite/18.1/quartus/../ip/altera/nios2_ip/altera_nios2_gen2 -I C:/intelfpga_lite/18.1/quartus/../ip/altera/nios2_ip/altera_nios2_gen2 -- C:/intelfpga_lite/18.1/quartus/../ip/altera/nios2_ip/altera_nios2_gen2/generate_rtl.epl --name=Computer_System_Nios2_cpu --dir=C:/Users/enhoh/AppData/Local/Temp/alt9117_469760943790653084.dir/0031_cpu_gen/ --quartus_bindir=C:/intelFPGA_lite/18.1/quartus/bin64/ --verilog --config=C:/Users/enhoh/AppData/Local/Temp/alt9117_469760943790653084.dir/0031_cpu_gen//Computer_System_Nios2_cpu_processor_configuration.pl  --do_build_sim=0  ]
Info: cpu: # 2022.05.05 16:19:32 (*) Starting Nios II generation
Info: cpu: # 2022.05.05 16:19:32 (*)   Checking for plaintext license.
Info: cpu: # 2022.05.05 16:19:32 (*)   Couldn't query license setup in Quartus directory C:/intelFPGA_lite/18.1/quartus/bin64/
Info: cpu: # 2022.05.05 16:19:32 (*)   Defaulting to contents of LM_LICENSE_FILE environment variable
Info: cpu: # 2022.05.05 16:19:32 (*)   LM_LICENSE_FILE environment variable is empty
Info: cpu: # 2022.05.05 16:19:32 (*)   Plaintext license not found.
Info: cpu: # 2022.05.05 16:19:32 (*)   No license required to generate encrypted Nios II/e.
Info: cpu: # 2022.05.05 16:19:32 (*)   Elaborating CPU configuration settings
Info: cpu: # 2022.05.05 16:19:32 (*)   Creating all objects for CPU
Info: cpu: # 2022.05.05 16:19:33 (*)   Generating RTL from CPU objects
Info: cpu: # 2022.05.05 16:19:33 (*)   Creating plain-text RTL
Info: cpu: # 2022.05.05 16:19:34 (*) Done Nios II generation
Info: cpu: Done RTL generation for module 'Computer_System_Nios2_cpu'
Info: cpu: "Nios2" instantiated altera_nios2_gen2_unit "cpu"
Info: sys_pll: "System_PLL" instantiated altera_up_altpll "sys_pll"
Info: reset_from_locked: "System_PLL" instantiated altera_up_avalon_reset_from_locked_signal "reset_from_locked"
Info: control_internal: "modular_adc_0" instantiated altera_modular_adc_control "control_internal"
Info: sequencer_internal: "modular_adc_0" instantiated altera_modular_adc_sequencer "sequencer_internal"
Info: sample_store_internal: "modular_adc_0" instantiated altera_modular_adc_sample_store "sample_store_internal"
Info: video_pixel_buffer_dma_0_avalon_pixel_dma_master_translator: "mm_interconnect_0" instantiated altera_merlin_master_translator "video_pixel_buffer_dma_0_avalon_pixel_dma_master_translator"
Info: SDRAM_s1_translator: "mm_interconnect_0" instantiated altera_merlin_slave_translator "SDRAM_s1_translator"
Info: video_pixel_buffer_dma_0_avalon_pixel_dma_master_agent: "mm_interconnect_0" instantiated altera_merlin_master_agent "video_pixel_buffer_dma_0_avalon_pixel_dma_master_agent"
Info: SDRAM_s1_agent: "mm_interconnect_0" instantiated altera_merlin_slave_agent "SDRAM_s1_agent"
Info: router: "mm_interconnect_0" instantiated altera_merlin_router "router"
Info: router_001: "mm_interconnect_0" instantiated altera_merlin_router "router_001"
Info: router_002: "mm_interconnect_0" instantiated altera_merlin_router "router_002"
Info: router_003: "mm_interconnect_0" instantiated altera_merlin_router "router_003"
Info: router_004: "mm_interconnect_0" instantiated altera_merlin_router "router_004"
Info: router_005: "mm_interconnect_0" instantiated altera_merlin_router "router_005"
Info: router_023: "mm_interconnect_0" instantiated altera_merlin_router "router_023"
Info: JTAG_to_FPGA_Bridge_master_limiter: "mm_interconnect_0" instantiated altera_merlin_traffic_limiter "JTAG_to_FPGA_Bridge_master_limiter"
Info: Reusing file C:/intelFPGA_lite/18.1/University_Program/Computer_Systems/DE10-Lite/CE2820_MS9/verilog/Computer_System/synthesis/submodules/altera_avalon_sc_fifo.v
Info: Reusing file C:/intelFPGA_lite/18.1/University_Program/Computer_Systems/DE10-Lite/CE2820_MS9/verilog/Computer_System/synthesis/submodules/altera_avalon_st_pipeline_base.v
Info: SDRAM_s1_burst_adapter: "mm_interconnect_0" instantiated altera_merlin_burst_adapter "SDRAM_s1_burst_adapter"
Info: Reusing file C:/intelFPGA_lite/18.1/University_Program/Computer_Systems/DE10-Lite/CE2820_MS9/verilog/Computer_System/synthesis/submodules/altera_avalon_st_pipeline_stage.sv
Info: Reusing file C:/intelFPGA_lite/18.1/University_Program/Computer_Systems/DE10-Lite/CE2820_MS9/verilog/Computer_System/synthesis/submodules/altera_avalon_st_pipeline_base.v
Info: cmd_demux: "mm_interconnect_0" instantiated altera_merlin_demultiplexer "cmd_demux"
Info: cmd_demux_001: "mm_interconnect_0" instantiated altera_merlin_demultiplexer "cmd_demux_001"
Info: cmd_demux_002: "mm_interconnect_0" instantiated altera_merlin_demultiplexer "cmd_demux_002"
Info: cmd_demux_003: "mm_interconnect_0" instantiated altera_merlin_demultiplexer "cmd_demux_003"
Info: cmd_mux: "mm_interconnect_0" instantiated altera_merlin_multiplexer "cmd_mux"
Info: cmd_mux_001: "mm_interconnect_0" instantiated altera_merlin_multiplexer "cmd_mux_001"
Info: Reusing file C:/intelFPGA_lite/18.1/University_Program/Computer_Systems/DE10-Lite/CE2820_MS9/verilog/Computer_System/synthesis/submodules/altera_merlin_arbitrator.sv
Info: rsp_demux: "mm_interconnect_0" instantiated altera_merlin_demultiplexer "rsp_demux"
Info: rsp_demux_001: "mm_interconnect_0" instantiated altera_merlin_demultiplexer "rsp_demux_001"
Info: rsp_mux: "mm_interconnect_0" instantiated altera_merlin_multiplexer "rsp_mux"
Info: Reusing file C:/intelFPGA_lite/18.1/University_Program/Computer_Systems/DE10-Lite/CE2820_MS9/verilog/Computer_System/synthesis/submodules/altera_merlin_arbitrator.sv
Info: rsp_mux_001: "mm_interconnect_0" instantiated altera_merlin_multiplexer "rsp_mux_001"
Info: Reusing file C:/intelFPGA_lite/18.1/University_Program/Computer_Systems/DE10-Lite/CE2820_MS9/verilog/Computer_System/synthesis/submodules/altera_merlin_arbitrator.sv
Info: rsp_mux_002: "mm_interconnect_0" instantiated altera_merlin_multiplexer "rsp_mux_002"
Info: Reusing file C:/intelFPGA_lite/18.1/University_Program/Computer_Systems/DE10-Lite/CE2820_MS9/verilog/Computer_System/synthesis/submodules/altera_merlin_arbitrator.sv
Info: rsp_mux_003: "mm_interconnect_0" instantiated altera_merlin_multiplexer "rsp_mux_003"
Info: Reusing file C:/intelFPGA_lite/18.1/University_Program/Computer_Systems/DE10-Lite/CE2820_MS9/verilog/Computer_System/synthesis/submodules/altera_merlin_arbitrator.sv
Info: Nios2_data_master_to_SDRAM_s1_cmd_width_adapter: "mm_interconnect_0" instantiated altera_merlin_width_adapter "Nios2_data_master_to_SDRAM_s1_cmd_width_adapter"
Info: Reusing file C:/intelFPGA_lite/18.1/University_Program/Computer_Systems/DE10-Lite/CE2820_MS9/verilog/Computer_System/synthesis/submodules/altera_merlin_address_alignment.sv
Info: Reusing file C:/intelFPGA_lite/18.1/University_Program/Computer_Systems/DE10-Lite/CE2820_MS9/verilog/Computer_System/synthesis/submodules/altera_merlin_burst_uncompressor.sv
Info: crosser: "mm_interconnect_0" instantiated altera_avalon_st_handshake_clock_crosser "crosser"
Info: Reusing file C:/intelFPGA_lite/18.1/University_Program/Computer_Systems/DE10-Lite/CE2820_MS9/verilog/Computer_System/synthesis/submodules/altera_avalon_st_clock_crosser.v
Info: Reusing file C:/intelFPGA_lite/18.1/University_Program/Computer_Systems/DE10-Lite/CE2820_MS9/verilog/Computer_System/synthesis/submodules/altera_avalon_st_pipeline_base.v
Info: Reusing file C:/intelFPGA_lite/18.1/University_Program/Computer_Systems/DE10-Lite/CE2820_MS9/verilog/Computer_System/synthesis/submodules/altera_std_synchronizer_nocut.v
Info: avalon_st_adapter: "mm_interconnect_0" instantiated altera_avalon_st_adapter "avalon_st_adapter"
Info: avalon_st_adapter_001: "mm_interconnect_0" instantiated altera_avalon_st_adapter "avalon_st_adapter_001"
Info: error_adapter_0: "avalon_st_adapter" instantiated error_adapter "error_adapter_0"
Info: error_adapter_0: "avalon_st_adapter_001" instantiated error_adapter "error_adapter_0"
Info: Computer_System: Done "Computer_System" with 73 modules, 129 files
Info: qsys-generate succeeded.
Info: Finished: Create HDL design files for synthesis
